# JRE version: OpenJDK Runtime Environment Temurin-17.0.3+7 (17.0.3+7) (build 17.0.3+7)
# Java VM: OpenJDK 64-Bit Server VM Temurin-17.0.3+7 (17.0.3+7, mixed mode, tiered, compressed oops, compressed class ptrs, parallel gc, windows-amd64)
GC Precious Log:
 CPUs: 12 total, 12 available
 Memory: 15734M
 Large Page Support: Disabled
 NUMA Support: Disabled
 Compressed Oops: Enabled (32-bit)
 Alignments: Space 512K, Generation 512K, Heap 2M
 Heap Min Capacity: 100M
 Heap Initial Capacity: 100M
 Heap Max Capacity: 1G
 Pre-touch: Disabled
 Parallel Workers: 10
Heap:
 PSYoungGen      total 20992K, used 9989K [0x00000000eab00000, 0x00000000ec080000, 0x0000000100000000)
  eden space 19456K, 49% used [0x00000000eab00000,0x00000000eb479648,0x00000000ebe00000)
  from space 1536K, 18% used [0x00000000ebe00000,0x00000000ebe48000,0x00000000ebf80000)
  to   space 1024K, 0% used [0x00000000ebf80000,0x00000000ebf80000,0x00000000ec080000)
 ParOldGen       total 68608K, used 27245K [0x00000000c0000000, 0x00000000c4300000, 0x00000000eab00000)
  object space 68608K, 39% used [0x00000000c0000000,0x00000000c1a9b508,0x00000000c4300000)
 Metaspace       used 56238K, committed 57216K, reserved 1105920K
  class space    used 6149K, committed 6592K, reserved 1048576K
GC Heap History (20 events):
Event: 4.935 GC heap before
{Heap before GC invocations=14 (full 2):
 PSYoungGen      total 26112K, used 23968K [0x00000000eab00000, 0x00000000ec700000, 0x0000000100000000)
  eden space 23040K, 100% used [0x00000000eab00000,0x00000000ec180000,0x00000000ec180000)
  from space 3072K, 30% used [0x00000000ec200000,0x00000000ec2e82c8,0x00000000ec500000)
  to   space 2048K, 0% used [0x00000000ec500000,0x00000000ec500000,0x00000000ec700000)
 ParOldGen       total 68608K, used 14546K [0x00000000c0000000, 0x00000000c4300000, 0x00000000eab00000)
  object space 68608K, 21% used [0x00000000c0000000,0x00000000c0e34a10,0x00000000c4300000)
 Metaspace       used 39981K, committed 40832K, reserved 1089536K
  class space    used 4228K, committed 4608K, reserved 1048576K
}
Event: 4.937 GC heap after
{Heap after GC invocations=14 (full 2):
 PSYoungGen      total 23552K, used 992K [0x00000000eab00000, 0x00000000ec600000, 0x0000000100000000)
  eden space 22528K, 0% used [0x00000000eab00000,0x00000000eab00000,0x00000000ec100000)
  from space 1024K, 96% used [0x00000000ec500000,0x00000000ec5f8000,0x00000000ec600000)
  to   space 1536K, 0% used [0x00000000ec300000,0x00000000ec300000,0x00000000ec480000)
 ParOldGen       total 68608K, used 15216K [0x00000000c0000000, 0x00000000c4300000, 0x00000000eab00000)
  object space 68608K, 22% used [0x00000000c0000000,0x00000000c0edc018,0x00000000c4300000)
 Metaspace       used 39981K, committed 40832K, reserved 1089536K
  class space    used 4228K, committed 4608K, reserved 1048576K
}
Event: 5.459 GC heap before
{Heap before GC invocations=15 (full 2):
 PSYoungGen      total 23552K, used 23520K [0x00000000eab00000, 0x00000000ec600000, 0x0000000100000000)
  eden space 22528K, 100% used [0x00000000eab00000,0x00000000ec100000,0x00000000ec100000)
  from space 1024K, 96% used [0x00000000ec500000,0x00000000ec5f8000,0x00000000ec600000)
  to   space 1536K, 0% used [0x00000000ec300000,0x00000000ec300000,0x00000000ec480000)
 ParOldGen       total 68608K, used 15216K [0x00000000c0000000, 0x00000000c4300000, 0x00000000eab00000)
  object space 68608K, 22% used [0x00000000c0000000,0x00000000c0edc018,0x00000000c4300000)
 Metaspace       used 42818K, committed 43712K, reserved 1089536K
  class space    used 4577K, committed 4992K, reserved 1048576K
}
Event: 5.462 GC heap after
{Heap after GC invocations=15 (full 2):
 PSYoungGen      total 23552K, used 1535K [0x00000000eab00000, 0x00000000ec580000, 0x0000000100000000)
  eden space 22016K, 0% used [0x00000000eab00000,0x00000000eab00000,0x00000000ec080000)
  from space 1536K, 99% used [0x00000000ec300000,0x00000000ec47fc68,0x00000000ec480000)
  to   space 1024K, 0% used [0x00000000ec480000,0x00000000ec480000,0x00000000ec580000)
 ParOldGen       total 68608K, used 16070K [0x00000000c0000000, 0x00000000c4300000, 0x00000000eab00000)
  object space 68608K, 23% used [0x00000000c0000000,0x00000000c0fb1af8,0x00000000c4300000)
 Metaspace       used 42818K, committed 43712K, reserved 1089536K
  class space    used 4577K, committed 4992K, reserved 1048576K
}
Event: 5.826 GC heap before
{Heap before GC invocations=16 (full 2):
 PSYoungGen      total 23552K, used 23551K [0x00000000eab00000, 0x00000000ec580000, 0x0000000100000000)
  eden space 22016K, 100% used [0x00000000eab00000,0x00000000ec080000,0x00000000ec080000)
  from space 1536K, 99% used [0x00000000ec300000,0x00000000ec47fc68,0x00000000ec480000)
  to   space 1024K, 0% used [0x00000000ec480000,0x00000000ec480000,0x00000000ec580000)
 ParOldGen       total 68608K, used 16070K [0x00000000c0000000, 0x00000000c4300000, 0x00000000eab00000)
  object space 68608K, 23% used [0x00000000c0000000,0x00000000c0fb1af8,0x00000000c4300000)
 Metaspace       used 45587K, committed 46464K, reserved 1097728K
  class space    used 4925K, committed 5312K, reserved 1048576K
}
Event: 5.828 GC heap after
{Heap after GC invocations=16 (full 2):
 PSYoungGen      total 23040K, used 1024K [0x00000000eab00000, 0x00000000ec780000, 0x0000000100000000)
  eden space 22016K, 0% used [0x00000000eab00000,0x00000000eab00000,0x00000000ec080000)
  from space 1024K, 100% used [0x00000000ec480000,0x00000000ec580000,0x00000000ec580000)
  to   space 3584K, 0% used [0x00000000ec080000,0x00000000ec080000,0x00000000ec400000)
 ParOldGen       total 68608K, used 18086K [0x00000000c0000000, 0x00000000c4300000, 0x00000000eab00000)
  object space 68608K, 26% used [0x00000000c0000000,0x00000000c11a9988,0x00000000c4300000)
 Metaspace       used 45587K, committed 46464K, reserved 1097728K
  class space    used 4925K, committed 5312K, reserved 1048576K
}
Event: 6.512 GC heap before
{Heap before GC invocations=17 (full 2):
 PSYoungGen      total 23040K, used 23040K [0x00000000eab00000, 0x00000000ec780000, 0x0000000100000000)
  eden space 22016K, 100% used [0x00000000eab00000,0x00000000ec080000,0x00000000ec080000)
  from space 1024K, 100% used [0x00000000ec480000,0x00000000ec580000,0x00000000ec580000)
  to   space 3584K, 0% used [0x00000000ec080000,0x00000000ec080000,0x00000000ec400000)
 ParOldGen       total 68608K, used 18086K [0x00000000c0000000, 0x00000000c4300000, 0x00000000eab00000)
  object space 68608K, 26% used [0x00000000c0000000,0x00000000c11a9988,0x00000000c4300000)
 Metaspace       used 48303K, committed 49216K, reserved 1097728K
  class space    used 5275K, committed 5696K, reserved 1048576K
}
Event: 6.515 GC heap after
{Heap after GC invocations=17 (full 2):
 PSYoungGen      total 23552K, used 1171K [0x00000000eab00000, 0x00000000ec500000, 0x0000000100000000)
  eden space 22016K, 0% used [0x00000000eab00000,0x00000000eab00000,0x00000000ec080000)
  from space 1536K, 76% used [0x00000000ec080000,0x00000000ec1a4fa0,0x00000000ec200000)
  to   space 2048K, 0% used [0x00000000ec300000,0x00000000ec300000,0x00000000ec500000)
 ParOldGen       total 68608K, used 19173K [0x00000000c0000000, 0x00000000c4300000, 0x00000000eab00000)
  object space 68608K, 27% used [0x00000000c0000000,0x00000000c12b9528,0x00000000c4300000)
 Metaspace       used 48303K, committed 49216K, reserved 1097728K
  class space    used 5275K, committed 5696K, reserved 1048576K
}
Event: 7.613 GC heap before
{Heap before GC invocations=18 (full 2):
 PSYoungGen      total 23552K, used 23187K [0x00000000eab00000, 0x00000000ec500000, 0x0000000100000000)
  eden space 22016K, 100% used [0x00000000eab00000,0x00000000ec080000,0x00000000ec080000)
  from space 1536K, 76% used [0x00000000ec080000,0x00000000ec1a4fa0,0x00000000ec200000)
  to   space 2048K, 0% used [0x00000000ec300000,0x00000000ec300000,0x00000000ec500000)
 ParOldGen       total 68608K, used 19173K [0x00000000c0000000, 0x00000000c4300000, 0x00000000eab00000)
  object space 68608K, 27% used [0x00000000c0000000,0x00000000c12b9528,0x00000000c4300000)
 Metaspace       used 50279K, committed 51200K, reserved 1097728K
  class space    used 5519K, committed 5952K, reserved 1048576K
}
Event: 7.615 GC heap after
{Heap after GC invocations=18 (full 2):
 PSYoungGen      total 21504K, used 2031K [0x00000000eab00000, 0x00000000eca80000, 0x0000000100000000)
  eden space 19456K, 0% used [0x00000000eab00000,0x00000000eab00000,0x00000000ebe00000)
  from space 2048K, 99% used [0x00000000ec300000,0x00000000ec4fbec0,0x00000000ec500000)
  to   space 5120K, 0% used [0x00000000ebe00000,0x00000000ebe00000,0x00000000ec300000)
 ParOldGen       total 68608K, used 21492K [0x00000000c0000000, 0x00000000c4300000, 0x00000000eab00000)
  object space 68608K, 31% used [0x00000000c0000000,0x00000000c14fd250,0x00000000c4300000)
 Metaspace       used 50279K, committed 51200K, reserved 1097728K
  class space    used 5519K, committed 5952K, reserved 1048576K
}
Event: 7.690 GC heap before
{Heap before GC invocations=19 (full 2):
 PSYoungGen      total 21504K, used 21487K [0x00000000eab00000, 0x00000000eca80000, 0x0000000100000000)
  eden space 19456K, 100% used [0x00000000eab00000,0x00000000ebe00000,0x00000000ebe00000)
  from space 2048K, 99% used [0x00000000ec300000,0x00000000ec4fbec0,0x00000000ec500000)
  to   space 5120K, 0% used [0x00000000ebe00000,0x00000000ebe00000,0x00000000ec300000)
 ParOldGen       total 68608K, used 21492K [0x00000000c0000000, 0x00000000c4300000, 0x00000000eab00000)
  object space 68608K, 31% used [0x00000000c0000000,0x00000000c14fd250,0x00000000c4300000)
 Metaspace       used 50441K, committed 51328K, reserved 1097728K
  class space    used 5529K, committed 5952K, reserved 1048576K
}
Event: 7.692 GC heap after
{Heap after GC invocations=19 (full 2):
 PSYoungGen      total 23040K, used 3131K [0x00000000eab00000, 0x00000000ec500000, 0x0000000100000000)
  eden space 19456K, 0% used [0x00000000eab00000,0x00000000eab00000,0x00000000ebe00000)
  from space 3584K, 87% used [0x00000000ebe00000,0x00000000ec10ef18,0x00000000ec180000)
  to   space 3584K, 0% used [0x00000000ec180000,0x00000000ec180000,0x00000000ec500000)
 ParOldGen       total 68608K, used 21700K [0x00000000c0000000, 0x00000000c4300000, 0x00000000eab00000)
  object space 68608K, 31% used [0x00000000c0000000,0x00000000c1531250,0x00000000c4300000)
 Metaspace       used 50441K, committed 51328K, reserved 1097728K
  class space    used 5529K, committed 5952K, reserved 1048576K
}
Event: 8.401 GC heap before
{Heap before GC invocations=20 (full 2):
 PSYoungGen      total 23040K, used 22587K [0x00000000eab00000, 0x00000000ec500000, 0x0000000100000000)
  eden space 19456K, 100% used [0x00000000eab00000,0x00000000ebe00000,0x00000000ebe00000)
  from space 3584K, 87% used [0x00000000ebe00000,0x00000000ec10ef18,0x00000000ec180000)
  to   space 3584K, 0% used [0x00000000ec180000,0x00000000ec180000,0x00000000ec500000)
 ParOldGen       total 68608K, used 21700K [0x00000000c0000000, 0x00000000c4300000, 0x00000000eab00000)
  object space 68608K, 31% used [0x00000000c0000000,0x00000000c1531250,0x00000000c4300000)
 Metaspace       used 52386K, committed 53248K, reserved 1097728K
  class space    used 5748K, committed 6144K, reserved 1048576K
}
Event: 8.404 GC heap after
{Heap after GC invocations=20 (full 2):
 PSYoungGen      total 22016K, used 2480K [0x00000000eab00000, 0x00000000ec400000, 0x0000000100000000)
  eden space 19456K, 0% used [0x00000000eab00000,0x00000000eab00000,0x00000000ebe00000)
  from space 2560K, 96% used [0x00000000ec180000,0x00000000ec3ec010,0x00000000ec400000)
  to   space 3072K, 0% used [0x00000000ebe00000,0x00000000ebe00000,0x00000000ec100000)
 ParOldGen       total 68608K, used 24030K [0x00000000c0000000, 0x00000000c4300000, 0x00000000eab00000)
  object space 68608K, 35% used [0x00000000c0000000,0x00000000c1777b50,0x00000000c4300000)
 Metaspace       used 52386K, committed 53248K, reserved 1097728K
  class space    used 5748K, committed 6144K, reserved 1048576K
}
Event: 8.628 GC heap before
{Heap before GC invocations=21 (full 2):
 PSYoungGen      total 22016K, used 21924K [0x00000000eab00000, 0x00000000ec400000, 0x0000000100000000)
  eden space 19456K, 99% used [0x00000000eab00000,0x00000000ebdfd2f0,0x00000000ebe00000)
  from space 2560K, 96% used [0x00000000ec180000,0x00000000ec3ec010,0x00000000ec400000)
  to   space 3072K, 0% used [0x00000000ebe00000,0x00000000ebe00000,0x00000000ec100000)
 ParOldGen       total 68608K, used 24030K [0x00000000c0000000, 0x00000000c4300000, 0x00000000eab00000)
  object space 68608K, 35% used [0x00000000c0000000,0x00000000c1777b50,0x00000000c4300000)
 Metaspace       used 53981K, committed 54912K, reserved 1097728K
  class space    used 5932K, committed 6336K, reserved 1048576K
}
Event: 8.631 GC heap after
{Heap after GC invocations=21 (full 2):
 PSYoungGen      total 20992K, used 1040K [0x00000000eab00000, 0x00000000ec200000, 0x0000000100000000)
  eden space 19456K, 0% used [0x00000000eab00000,0x00000000eab00000,0x00000000ebe00000)
  from space 1536K, 67% used [0x00000000ebe00000,0x00000000ebf04190,0x00000000ebf80000)
  to   space 2048K, 0% used [0x00000000ec000000,0x00000000ec000000,0x00000000ec200000)
 ParOldGen       total 68608K, used 26303K [0x00000000c0000000, 0x00000000c4300000, 0x00000000eab00000)
  object space 68608K, 38% used [0x00000000c0000000,0x00000000c19afce8,0x00000000c4300000)
 Metaspace       used 53981K, committed 54912K, reserved 1097728K
  class space    used 5932K, committed 6336K, reserved 1048576K
}
Event: 8.680 GC heap before
{Heap before GC invocations=22 (full 2):
 PSYoungGen      total 20992K, used 20372K [0x00000000eab00000, 0x00000000ec200000, 0x0000000100000000)
  eden space 19456K, 99% used [0x00000000eab00000,0x00000000ebde1178,0x00000000ebe00000)
  from space 1536K, 67% used [0x00000000ebe00000,0x00000000ebf04190,0x00000000ebf80000)
  to   space 2048K, 0% used [0x00000000ec000000,0x00000000ec000000,0x00000000ec200000)
 ParOldGen       total 68608K, used 26303K [0x00000000c0000000, 0x00000000c4300000, 0x00000000eab00000)
  object space 68608K, 38% used [0x00000000c0000000,0x00000000c19afce8,0x00000000c4300000)
 Metaspace       used 54011K, committed 54912K, reserved 1097728K
  class space    used 5932K, committed 6336K, reserved 1048576K
}
Event: 8.681 GC heap after
{Heap after GC invocations=22 (full 2):
 PSYoungGen      total 20992K, used 1296K [0x00000000eab00000, 0x00000000ec180000, 0x0000000100000000)
  eden space 19456K, 0% used [0x00000000eab00000,0x00000000eab00000,0x00000000ebe00000)
  from space 1536K, 84% used [0x00000000ec000000,0x00000000ec144050,0x00000000ec180000)
  to   space 1536K, 0% used [0x00000000ebe00000,0x00000000ebe00000,0x00000000ebf80000)
 ParOldGen       total 68608K, used 27229K [0x00000000c0000000, 0x00000000c4300000, 0x00000000eab00000)
  object space 68608K, 39% used [0x00000000c0000000,0x00000000c1a97508,0x00000000c4300000)
 Metaspace       used 54011K, committed 54912K, reserved 1097728K
  class space    used 5932K, committed 6336K, reserved 1048576K
}
Event: 9.025 GC heap before
{Heap before GC invocations=23 (full 2):
 PSYoungGen      total 20992K, used 20752K [0x00000000eab00000, 0x00000000ec180000, 0x0000000100000000)
  eden space 19456K, 100% used [0x00000000eab00000,0x00000000ebe00000,0x00000000ebe00000)
  from space 1536K, 84% used [0x00000000ec000000,0x00000000ec144050,0x00000000ec180000)
  to   space 1536K, 0% used [0x00000000ebe00000,0x00000000ebe00000,0x00000000ebf80000)
 ParOldGen       total 68608K, used 27229K [0x00000000c0000000, 0x00000000c4300000, 0x00000000eab00000)
  object space 68608K, 39% used [0x00000000c0000000,0x00000000c1a97508,0x00000000c4300000)
 Metaspace       used 55671K, committed 56640K, reserved 1105920K
  class space    used 6098K, committed 6528K, reserved 1048576K
}
Event: 9.026 GC heap after
{Heap after GC invocations=23 (full 2):
 PSYoungGen      total 20992K, used 288K [0x00000000eab00000, 0x00000000ec080000, 0x0000000100000000)
  eden space 19456K, 0% used [0x00000000eab00000,0x00000000eab00000,0x00000000ebe00000)
  from space 1536K, 18% used [0x00000000ebe00000,0x00000000ebe48000,0x00000000ebf80000)
  to   space 1024K, 0% used [0x00000000ebf80000,0x00000000ebf80000,0x00000000ec080000)
 ParOldGen       total 68608K, used 27245K [0x00000000c0000000, 0x00000000c4300000, 0x00000000eab00000)
  object space 68608K, 39% used [0x00000000c0000000,0x00000000c1a9b508,0x00000000c4300000)
 Metaspace       used 55671K, committed 56640K, reserved 1105920K
  class space    used 6098K, committed 6528K, reserved 1048576K
}

