# JRE version: OpenJDK Runtime Environment Temurin-17.0.3+7 (17.0.3+7) (build 17.0.3+7)
# Java VM: OpenJDK 64-Bit Server VM Temurin-17.0.3+7 (17.0.3+7, mixed mode, tiered, compressed oops, compressed class ptrs, parallel gc, windows-amd64)
GC Precious Log:
 CPUs: 12 total, 12 available
 Memory: 15734M
 Large Page Support: Disabled
 NUMA Support: Disabled
 Compressed Oops: Enabled (32-bit)
 Alignments: Space 512K, Generation 512K, Heap 2M
 Heap Min Capacity: 100M
 Heap Initial Capacity: 100M
 Heap Max Capacity: 1G
 Pre-touch: Disabled
 Parallel Workers: 10
Heap:
 PSYoungGen      total 22528K, used 4114K [0x00000000eab00000, 0x00000000ec200000, 0x0000000100000000)
  eden space 22016K, 16% used [0x00000000eab00000,0x00000000eae8c638,0x00000000ec080000)
  from space 512K, 93% used [0x00000000ec180000,0x00000000ec1f8358,0x00000000ec200000)
  to   space 1024K, 0% used [0x00000000ec080000,0x00000000ec080000,0x00000000ec180000)
 ParOldGen       total 68608K, used 23680K [0x00000000c0000000, 0x00000000c4300000, 0x00000000eab00000)
  object space 68608K, 34% used [0x00000000c0000000,0x00000000c1720090,0x00000000c4300000)
 Metaspace       used 44138K, committed 44800K, reserved 1089536K
  class space    used 4406K, committed 4672K, reserved 1048576K
GC Heap History (20 events):
Event: 5.536 GC heap before
{Heap before GC invocations=13 (full 2):
 PSYoungGen      total 26112K, used 22016K [0x00000000eab00000, 0x00000000ec980000, 0x0000000100000000)
  eden space 22016K, 100% used [0x00000000eab00000,0x00000000ec080000,0x00000000ec080000)
  from space 4096K, 0% used [0x00000000ec580000,0x00000000ec580000,0x00000000ec980000)
  to   space 4096K, 0% used [0x00000000ec180000,0x00000000ec180000,0x00000000ec580000)
 ParOldGen       total 68608K, used 14877K [0x00000000c0000000, 0x00000000c4300000, 0x00000000eab00000)
  object space 68608K, 21% used [0x00000000c0000000,0x00000000c0e875a8,0x00000000c4300000)
 Metaspace       used 36557K, committed 37184K, reserved 1089536K
  class space    used 3741K, committed 4032K, reserved 1048576K
}
Event: 5.537 GC heap after
{Heap after GC invocations=13 (full 2):
 PSYoungGen      total 24064K, used 1657K [0x00000000eab00000, 0x00000000ec600000, 0x0000000100000000)
  eden space 22016K, 0% used [0x00000000eab00000,0x00000000eab00000,0x00000000ec080000)
  from space 2048K, 80% used [0x00000000ec180000,0x00000000ec31e798,0x00000000ec380000)
  to   space 2560K, 0% used [0x00000000ec380000,0x00000000ec380000,0x00000000ec600000)
 ParOldGen       total 68608K, used 14885K [0x00000000c0000000, 0x00000000c4300000, 0x00000000eab00000)
  object space 68608K, 21% used [0x00000000c0000000,0x00000000c0e895a8,0x00000000c4300000)
 Metaspace       used 36557K, committed 37184K, reserved 1089536K
  class space    used 3741K, committed 4032K, reserved 1048576K
}
Event: 5.735 GC heap before
{Heap before GC invocations=14 (full 2):
 PSYoungGen      total 24064K, used 23673K [0x00000000eab00000, 0x00000000ec600000, 0x0000000100000000)
  eden space 22016K, 100% used [0x00000000eab00000,0x00000000ec080000,0x00000000ec080000)
  from space 2048K, 80% used [0x00000000ec180000,0x00000000ec31e798,0x00000000ec380000)
  to   space 2560K, 0% used [0x00000000ec380000,0x00000000ec380000,0x00000000ec600000)
 ParOldGen       total 68608K, used 14885K [0x00000000c0000000, 0x00000000c4300000, 0x00000000eab00000)
  object space 68608K, 21% used [0x00000000c0000000,0x00000000c0e895a8,0x00000000c4300000)
 Metaspace       used 37143K, committed 37824K, reserved 1089536K
  class space    used 3790K, committed 4096K, reserved 1048576K
}
Event: 5.736 GC heap after
{Heap after GC invocations=14 (full 2):
 PSYoungGen      total 22528K, used 217K [0x00000000eab00000, 0x00000000ec400000, 0x0000000100000000)
  eden space 22016K, 0% used [0x00000000eab00000,0x00000000eab00000,0x00000000ec080000)
  from space 512K, 42% used [0x00000000ec380000,0x00000000ec3b66d8,0x00000000ec400000)
  to   space 1024K, 0% used [0x00000000ec200000,0x00000000ec200000,0x00000000ec300000)
 ParOldGen       total 68608K, used 15272K [0x00000000c0000000, 0x00000000c4300000, 0x00000000eab00000)
  object space 68608K, 22% used [0x00000000c0000000,0x00000000c0eea080,0x00000000c4300000)
 Metaspace       used 37143K, committed 37824K, reserved 1089536K
  class space    used 3790K, committed 4096K, reserved 1048576K
}
Event: 7.081 GC heap before
{Heap before GC invocations=15 (full 2):
 PSYoungGen      total 22528K, used 22233K [0x00000000eab00000, 0x00000000ec400000, 0x0000000100000000)
  eden space 22016K, 100% used [0x00000000eab00000,0x00000000ec080000,0x00000000ec080000)
  from space 512K, 42% used [0x00000000ec380000,0x00000000ec3b66d8,0x00000000ec400000)
  to   space 1024K, 0% used [0x00000000ec200000,0x00000000ec200000,0x00000000ec300000)
 ParOldGen       total 68608K, used 15272K [0x00000000c0000000, 0x00000000c4300000, 0x00000000eab00000)
  object space 68608K, 22% used [0x00000000c0000000,0x00000000c0eea080,0x00000000c4300000)
 Metaspace       used 38996K, committed 39616K, reserved 1089536K
  class space    used 3977K, committed 4288K, reserved 1048576K
}
Event: 7.082 GC heap after
{Heap after GC invocations=15 (full 2):
 PSYoungGen      total 23040K, used 544K [0x00000000eab00000, 0x00000000ec400000, 0x0000000100000000)
  eden space 22016K, 0% used [0x00000000eab00000,0x00000000eab00000,0x00000000ec080000)
  from space 1024K, 53% used [0x00000000ec200000,0x00000000ec288000,0x00000000ec300000)
  to   space 1024K, 0% used [0x00000000ec300000,0x00000000ec300000,0x00000000ec400000)
 ParOldGen       total 68608K, used 15304K [0x00000000c0000000, 0x00000000c4300000, 0x00000000eab00000)
  object space 68608K, 22% used [0x00000000c0000000,0x00000000c0ef2080,0x00000000c4300000)
 Metaspace       used 38996K, committed 39616K, reserved 1089536K
  class space    used 3977K, committed 4288K, reserved 1048576K
}
Event: 7.981 GC heap before
{Heap before GC invocations=16 (full 2):
 PSYoungGen      total 23040K, used 22111K [0x00000000eab00000, 0x00000000ec400000, 0x0000000100000000)
  eden space 22016K, 97% used [0x00000000eab00000,0x00000000ec00fd08,0x00000000ec080000)
  from space 1024K, 53% used [0x00000000ec200000,0x00000000ec288000,0x00000000ec300000)
  to   space 1024K, 0% used [0x00000000ec300000,0x00000000ec300000,0x00000000ec400000)
 ParOldGen       total 68608K, used 15304K [0x00000000c0000000, 0x00000000c4300000, 0x00000000eab00000)
  object space 68608K, 22% used [0x00000000c0000000,0x00000000c0ef2080,0x00000000c4300000)
 Metaspace       used 41745K, committed 42368K, reserved 1089536K
  class space    used 4224K, committed 4480K, reserved 1048576K
}
Event: 7.985 GC heap after
{Heap after GC invocations=16 (full 2):
 PSYoungGen      total 23040K, used 1009K [0x00000000eab00000, 0x00000000ec580000, 0x0000000100000000)
  eden space 22016K, 0% used [0x00000000eab00000,0x00000000eab00000,0x00000000ec080000)
  from space 1024K, 98% used [0x00000000ec300000,0x00000000ec3fc7a0,0x00000000ec400000)
  to   space 2560K, 0% used [0x00000000ec080000,0x00000000ec080000,0x00000000ec300000)
 ParOldGen       total 68608K, used 16493K [0x00000000c0000000, 0x00000000c4300000, 0x00000000eab00000)
  object space 68608K, 24% used [0x00000000c0000000,0x00000000c101b700,0x00000000c4300000)
 Metaspace       used 41745K, committed 42368K, reserved 1089536K
  class space    used 4224K, committed 4480K, reserved 1048576K
}
Event: 8.069 GC heap before
{Heap before GC invocations=17 (full 2):
 PSYoungGen      total 23040K, used 21950K [0x00000000eab00000, 0x00000000ec580000, 0x0000000100000000)
  eden space 22016K, 95% used [0x00000000eab00000,0x00000000ebf73368,0x00000000ec080000)
  from space 1024K, 98% used [0x00000000ec300000,0x00000000ec3fc7a0,0x00000000ec400000)
  to   space 2560K, 0% used [0x00000000ec080000,0x00000000ec080000,0x00000000ec300000)
 ParOldGen       total 68608K, used 16493K [0x00000000c0000000, 0x00000000c4300000, 0x00000000eab00000)
  object space 68608K, 24% used [0x00000000c0000000,0x00000000c101b700,0x00000000c4300000)
 Metaspace       used 41884K, committed 42496K, reserved 1089536K
  class space    used 4233K, committed 4480K, reserved 1048576K
}
Event: 8.071 GC heap after
{Heap after GC invocations=17 (full 2):
 PSYoungGen      total 23040K, used 576K [0x00000000eab00000, 0x00000000ec380000, 0x0000000100000000)
  eden space 22016K, 0% used [0x00000000eab00000,0x00000000eab00000,0x00000000ec080000)
  from space 1024K, 56% used [0x00000000ec080000,0x00000000ec110000,0x00000000ec180000)
  to   space 1536K, 0% used [0x00000000ec200000,0x00000000ec200000,0x00000000ec380000)
 ParOldGen       total 68608K, used 17510K [0x00000000c0000000, 0x00000000c4300000, 0x00000000eab00000)
  object space 68608K, 25% used [0x00000000c0000000,0x00000000c1119b08,0x00000000c4300000)
 Metaspace       used 41884K, committed 42496K, reserved 1089536K
  class space    used 4233K, committed 4480K, reserved 1048576K
}
Event: 8.265 GC heap before
{Heap before GC invocations=18 (full 2):
 PSYoungGen      total 23040K, used 20786K [0x00000000eab00000, 0x00000000ec380000, 0x0000000100000000)
  eden space 22016K, 91% used [0x00000000eab00000,0x00000000ebebc9a8,0x00000000ec080000)
  from space 1024K, 56% used [0x00000000ec080000,0x00000000ec110000,0x00000000ec180000)
  to   space 1536K, 0% used [0x00000000ec200000,0x00000000ec200000,0x00000000ec380000)
 ParOldGen       total 68608K, used 17510K [0x00000000c0000000, 0x00000000c4300000, 0x00000000eab00000)
  object space 68608K, 25% used [0x00000000c0000000,0x00000000c1119b08,0x00000000c4300000)
 Metaspace       used 42323K, committed 43008K, reserved 1089536K
  class space    used 4266K, committed 4544K, reserved 1048576K
}
Event: 8.267 GC heap after
{Heap after GC invocations=18 (full 2):
 PSYoungGen      total 23552K, used 945K [0x00000000eab00000, 0x00000000ec380000, 0x0000000100000000)
  eden space 22016K, 0% used [0x00000000eab00000,0x00000000eab00000,0x00000000ec080000)
  from space 1536K, 61% used [0x00000000ec200000,0x00000000ec2ec5e8,0x00000000ec380000)
  to   space 1536K, 0% used [0x00000000ec080000,0x00000000ec080000,0x00000000ec200000)
 ParOldGen       total 68608K, used 17878K [0x00000000c0000000, 0x00000000c4300000, 0x00000000eab00000)
  object space 68608K, 26% used [0x00000000c0000000,0x00000000c1175b08,0x00000000c4300000)
 Metaspace       used 42323K, committed 43008K, reserved 1089536K
  class space    used 4266K, committed 4544K, reserved 1048576K
}
Event: 8.336 GC heap before
{Heap before GC invocations=19 (full 2):
 PSYoungGen      total 23552K, used 22908K [0x00000000eab00000, 0x00000000ec380000, 0x0000000100000000)
  eden space 22016K, 99% used [0x00000000eab00000,0x00000000ec072c40,0x00000000ec080000)
  from space 1536K, 61% used [0x00000000ec200000,0x00000000ec2ec5e8,0x00000000ec380000)
  to   space 1536K, 0% used [0x00000000ec080000,0x00000000ec080000,0x00000000ec200000)
 ParOldGen       total 68608K, used 17878K [0x00000000c0000000, 0x00000000c4300000, 0x00000000eab00000)
  object space 68608K, 26% used [0x00000000c0000000,0x00000000c1175b08,0x00000000c4300000)
 Metaspace       used 42343K, committed 43008K, reserved 1089536K
  class space    used 4266K, committed 4544K, reserved 1048576K
}
Event: 8.340 GC heap after
{Heap after GC invocations=19 (full 2):
 PSYoungGen      total 22528K, used 384K [0x00000000eab00000, 0x00000000ec280000, 0x0000000100000000)
  eden space 22016K, 0% used [0x00000000eab00000,0x00000000eab00000,0x00000000ec080000)
  from space 512K, 75% used [0x00000000ec080000,0x00000000ec0e0000,0x00000000ec100000)
  to   space 1024K, 0% used [0x00000000ec180000,0x00000000ec180000,0x00000000ec280000)
 ParOldGen       total 68608K, used 22515K [0x00000000c0000000, 0x00000000c4300000, 0x00000000eab00000)
  object space 68608K, 32% used [0x00000000c0000000,0x00000000c15fcf30,0x00000000c4300000)
 Metaspace       used 42343K, committed 43008K, reserved 1089536K
  class space    used 4266K, committed 4544K, reserved 1048576K
}
Event: 8.451 GC heap before
{Heap before GC invocations=20 (full 2):
 PSYoungGen      total 22528K, used 21260K [0x00000000eab00000, 0x00000000ec280000, 0x0000000100000000)
  eden space 22016K, 94% used [0x00000000eab00000,0x00000000ebf632f0,0x00000000ec080000)
  from space 512K, 75% used [0x00000000ec080000,0x00000000ec0e0000,0x00000000ec100000)
  to   space 1024K, 0% used [0x00000000ec180000,0x00000000ec180000,0x00000000ec280000)
 ParOldGen       total 68608K, used 22515K [0x00000000c0000000, 0x00000000c4300000, 0x00000000eab00000)
  object space 68608K, 32% used [0x00000000c0000000,0x00000000c15fcf30,0x00000000c4300000)
 Metaspace       used 42426K, committed 43072K, reserved 1089536K
  class space    used 4269K, committed 4544K, reserved 1048576K
}
Event: 8.452 GC heap after
{Heap after GC invocations=20 (full 2):
 PSYoungGen      total 23040K, used 512K [0x00000000eab00000, 0x00000000ec280000, 0x0000000100000000)
  eden space 22016K, 0% used [0x00000000eab00000,0x00000000eab00000,0x00000000ec080000)
  from space 1024K, 50% used [0x00000000ec180000,0x00000000ec200000,0x00000000ec280000)
  to   space 1024K, 0% used [0x00000000ec080000,0x00000000ec080000,0x00000000ec180000)
 ParOldGen       total 68608K, used 22723K [0x00000000c0000000, 0x00000000c4300000, 0x00000000eab00000)
  object space 68608K, 33% used [0x00000000c0000000,0x00000000c1630f30,0x00000000c4300000)
 Metaspace       used 42426K, committed 43072K, reserved 1089536K
  class space    used 4269K, committed 4544K, reserved 1048576K
}
Event: 8.619 GC heap before
{Heap before GC invocations=21 (full 2):
 PSYoungGen      total 23040K, used 20935K [0x00000000eab00000, 0x00000000ec280000, 0x0000000100000000)
  eden space 22016K, 92% used [0x00000000eab00000,0x00000000ebef1f38,0x00000000ec080000)
  from space 1024K, 50% used [0x00000000ec180000,0x00000000ec200000,0x00000000ec280000)
  to   space 1024K, 0% used [0x00000000ec080000,0x00000000ec080000,0x00000000ec180000)
 ParOldGen       total 68608K, used 22723K [0x00000000c0000000, 0x00000000c4300000, 0x00000000eab00000)
  object space 68608K, 33% used [0x00000000c0000000,0x00000000c1630f30,0x00000000c4300000)
 Metaspace       used 42552K, committed 43200K, reserved 1089536K
  class space    used 4273K, committed 4544K, reserved 1048576K
}
Event: 8.620 GC heap after
{Heap after GC invocations=21 (full 2):
 PSYoungGen      total 23040K, used 352K [0x00000000eab00000, 0x00000000ec200000, 0x0000000100000000)
  eden space 22016K, 0% used [0x00000000eab00000,0x00000000eab00000,0x00000000ec080000)
  from space 1024K, 34% used [0x00000000ec080000,0x00000000ec0d8000,0x00000000ec180000)
  to   space 512K, 0% used [0x00000000ec180000,0x00000000ec180000,0x00000000ec200000)
 ParOldGen       total 68608K, used 23084K [0x00000000c0000000, 0x00000000c4300000, 0x00000000eab00000)
  object space 68608K, 33% used [0x00000000c0000000,0x00000000c168b130,0x00000000c4300000)
 Metaspace       used 42552K, committed 43200K, reserved 1089536K
  class space    used 4273K, committed 4544K, reserved 1048576K
}
Event: 8.872 GC heap before
{Heap before GC invocations=22 (full 2):
 PSYoungGen      total 23040K, used 22368K [0x00000000eab00000, 0x00000000ec200000, 0x0000000100000000)
  eden space 22016K, 100% used [0x00000000eab00000,0x00000000ec080000,0x00000000ec080000)
  from space 1024K, 34% used [0x00000000ec080000,0x00000000ec0d8000,0x00000000ec180000)
  to   space 512K, 0% used [0x00000000ec180000,0x00000000ec180000,0x00000000ec200000)
 ParOldGen       total 68608K, used 23084K [0x00000000c0000000, 0x00000000c4300000, 0x00000000eab00000)
  object space 68608K, 33% used [0x00000000c0000000,0x00000000c168b130,0x00000000c4300000)
 Metaspace       used 43970K, committed 44672K, reserved 1089536K
  class space    used 4389K, committed 4672K, reserved 1048576K
}
Event: 8.874 GC heap after
{Heap after GC invocations=22 (full 2):
 PSYoungGen      total 22528K, used 480K [0x00000000eab00000, 0x00000000ec200000, 0x0000000100000000)
  eden space 22016K, 0% used [0x00000000eab00000,0x00000000eab00000,0x00000000ec080000)
  from space 512K, 93% used [0x00000000ec180000,0x00000000ec1f8358,0x00000000ec200000)
  to   space 1024K, 0% used [0x00000000ec080000,0x00000000ec080000,0x00000000ec180000)
 ParOldGen       total 68608K, used 23680K [0x00000000c0000000, 0x00000000c4300000, 0x00000000eab00000)
  object space 68608K, 34% used [0x00000000c0000000,0x00000000c1720090,0x00000000c4300000)
 Metaspace       used 43970K, committed 44672K, reserved 1089536K
  class space    used 4389K, committed 4672K, reserved 1048576K
}

