# JRE version: OpenJDK Runtime Environment Temurin-17.0.3+7 (17.0.3+7) (build 17.0.3+7)
# Java VM: OpenJDK 64-Bit Server VM Temurin-17.0.3+7 (17.0.3+7, mixed mode, tiered, compressed oops, compressed class ptrs, parallel gc, windows-amd64)
GC Precious Log:
 CPUs: 12 total, 12 available
 Memory: 15734M
 Large Page Support: Disabled
 NUMA Support: Disabled
 Compressed Oops: Enabled (32-bit)
 Alignments: Space 512K, Generation 512K, Heap 2M
 Heap Min Capacity: 100M
 Heap Initial Capacity: 100M
 Heap Max Capacity: 1G
 Pre-touch: Disabled
 Parallel Workers: 10
Heap:
 PSYoungGen      total 23040K, used 15285K [0x00000000eab00000, 0x00000000ec680000, 0x0000000100000000)
  eden space 22016K, 66% used [0x00000000eab00000,0x00000000eb95ea80,0x00000000ec080000)
  from space 1024K, 55% used [0x00000000ec580000,0x00000000ec60ecd8,0x00000000ec680000)
  to   space 1024K, 0% used [0x00000000ec480000,0x00000000ec480000,0x00000000ec580000)
 ParOldGen       total 68608K, used 28803K [0x00000000c0000000, 0x00000000c4300000, 0x00000000eab00000)
  object space 68608K, 41% used [0x00000000c0000000,0x00000000c1c20d00,0x00000000c4300000)
 Metaspace       used 51260K, committed 52288K, reserved 1097728K
  class space    used 5523K, committed 6016K, reserved 1048576K
GC Heap History (20 events):
Event: 4.590 GC heap before
{Heap before GC invocations=11 (full 1):
 PSYoungGen      total 26112K, used 12586K [0x00000000eab00000, 0x00000000ec800000, 0x0000000100000000)
  eden space 23552K, 43% used [0x00000000eab00000,0x00000000eb5083c0,0x00000000ec200000)
  from space 2560K, 90% used [0x00000000ec400000,0x00000000ec642728,0x00000000ec680000)
  to   space 1536K, 0% used [0x00000000ec680000,0x00000000ec680000,0x00000000ec800000)
 ParOldGen       total 68608K, used 14076K [0x00000000c0000000, 0x00000000c4300000, 0x00000000eab00000)
  object space 68608K, 20% used [0x00000000c0000000,0x00000000c0dbf2c8,0x00000000c4300000)
 Metaspace       used 35051K, committed 35840K, reserved 1081344K
  class space    used 3527K, committed 3840K, reserved 1048576K
}
Event: 4.593 GC heap after
{Heap after GC invocations=11 (full 1):
 PSYoungGen      total 25088K, used 1506K [0x00000000eab00000, 0x00000000ec800000, 0x0000000100000000)
  eden space 23552K, 0% used [0x00000000eab00000,0x00000000eab00000,0x00000000ec200000)
  from space 1536K, 98% used [0x00000000ec680000,0x00000000ec7f8bd0,0x00000000ec800000)
  to   space 3072K, 0% used [0x00000000ec200000,0x00000000ec200000,0x00000000ec500000)
 ParOldGen       total 68608K, used 15122K [0x00000000c0000000, 0x00000000c4300000, 0x00000000eab00000)
  object space 68608K, 22% used [0x00000000c0000000,0x00000000c0ec4ba8,0x00000000c4300000)
 Metaspace       used 35051K, committed 35840K, reserved 1081344K
  class space    used 3527K, committed 3840K, reserved 1048576K
}
Event: 4.593 GC heap before
{Heap before GC invocations=12 (full 2):
 PSYoungGen      total 25088K, used 1506K [0x00000000eab00000, 0x00000000ec800000, 0x0000000100000000)
  eden space 23552K, 0% used [0x00000000eab00000,0x00000000eab00000,0x00000000ec200000)
  from space 1536K, 98% used [0x00000000ec680000,0x00000000ec7f8bd0,0x00000000ec800000)
  to   space 3072K, 0% used [0x00000000ec200000,0x00000000ec200000,0x00000000ec500000)
 ParOldGen       total 68608K, used 15122K [0x00000000c0000000, 0x00000000c4300000, 0x00000000eab00000)
  object space 68608K, 22% used [0x00000000c0000000,0x00000000c0ec4ba8,0x00000000c4300000)
 Metaspace       used 35051K, committed 35840K, reserved 1081344K
  class space    used 3527K, committed 3840K, reserved 1048576K
}
Event: 4.622 GC heap after
{Heap after GC invocations=12 (full 2):
 PSYoungGen      total 25088K, used 0K [0x00000000eab00000, 0x00000000ec800000, 0x0000000100000000)
  eden space 23552K, 0% used [0x00000000eab00000,0x00000000eab00000,0x00000000ec200000)
  from space 1536K, 0% used [0x00000000ec680000,0x00000000ec680000,0x00000000ec800000)
  to   space 3072K, 0% used [0x00000000ec200000,0x00000000ec200000,0x00000000ec500000)
 ParOldGen       total 68608K, used 14497K [0x00000000c0000000, 0x00000000c4300000, 0x00000000eab00000)
  object space 68608K, 21% used [0x00000000c0000000,0x00000000c0e28648,0x00000000c4300000)
 Metaspace       used 35051K, committed 35840K, reserved 1081344K
  class space    used 3527K, committed 3840K, reserved 1048576K
}
Event: 4.997 GC heap before
{Heap before GC invocations=13 (full 2):
 PSYoungGen      total 25088K, used 23552K [0x00000000eab00000, 0x00000000ec800000, 0x0000000100000000)
  eden space 23552K, 100% used [0x00000000eab00000,0x00000000ec200000,0x00000000ec200000)
  from space 1536K, 0% used [0x00000000ec680000,0x00000000ec680000,0x00000000ec800000)
  to   space 3072K, 0% used [0x00000000ec200000,0x00000000ec200000,0x00000000ec500000)
 ParOldGen       total 68608K, used 14497K [0x00000000c0000000, 0x00000000c4300000, 0x00000000eab00000)
  object space 68608K, 21% used [0x00000000c0000000,0x00000000c0e28648,0x00000000c4300000)
 Metaspace       used 37990K, committed 38912K, reserved 1089536K
  class space    used 3946K, committed 4352K, reserved 1048576K
}
Event: 4.999 GC heap after
{Heap after GC invocations=13 (full 2):
 PSYoungGen      total 26112K, used 908K [0x00000000eab00000, 0x00000000ec700000, 0x0000000100000000)
  eden space 23040K, 0% used [0x00000000eab00000,0x00000000eab00000,0x00000000ec180000)
  from space 3072K, 29% used [0x00000000ec200000,0x00000000ec2e3240,0x00000000ec500000)
  to   space 1536K, 0% used [0x00000000ec580000,0x00000000ec580000,0x00000000ec700000)
 ParOldGen       total 68608K, used 14505K [0x00000000c0000000, 0x00000000c4300000, 0x00000000eab00000)
  object space 68608K, 21% used [0x00000000c0000000,0x00000000c0e2a648,0x00000000c4300000)
 Metaspace       used 37990K, committed 38912K, reserved 1089536K
  class space    used 3946K, committed 4352K, reserved 1048576K
}
Event: 5.524 GC heap before
{Heap before GC invocations=14 (full 2):
 PSYoungGen      total 26112K, used 23948K [0x00000000eab00000, 0x00000000ec700000, 0x0000000100000000)
  eden space 23040K, 100% used [0x00000000eab00000,0x00000000ec180000,0x00000000ec180000)
  from space 3072K, 29% used [0x00000000ec200000,0x00000000ec2e3240,0x00000000ec500000)
  to   space 1536K, 0% used [0x00000000ec580000,0x00000000ec580000,0x00000000ec700000)
 ParOldGen       total 68608K, used 14505K [0x00000000c0000000, 0x00000000c4300000, 0x00000000eab00000)
  object space 68608K, 21% used [0x00000000c0000000,0x00000000c0e2a648,0x00000000c4300000)
 Metaspace       used 40021K, committed 40960K, reserved 1089536K
  class space    used 4215K, committed 4608K, reserved 1048576K
}
Event: 5.526 GC heap after
{Heap after GC invocations=14 (full 2):
 PSYoungGen      total 23552K, used 1008K [0x00000000eab00000, 0x00000000ec680000, 0x0000000100000000)
  eden space 22528K, 0% used [0x00000000eab00000,0x00000000eab00000,0x00000000ec100000)
  from space 1024K, 98% used [0x00000000ec580000,0x00000000ec67c010,0x00000000ec680000)
  to   space 1536K, 0% used [0x00000000ec380000,0x00000000ec380000,0x00000000ec500000)
 ParOldGen       total 68608K, used 15238K [0x00000000c0000000, 0x00000000c4300000, 0x00000000eab00000)
  object space 68608K, 22% used [0x00000000c0000000,0x00000000c0ee1a80,0x00000000c4300000)
 Metaspace       used 40021K, committed 40960K, reserved 1089536K
  class space    used 4215K, committed 4608K, reserved 1048576K
}
Event: 6.058 GC heap before
{Heap before GC invocations=15 (full 2):
 PSYoungGen      total 23552K, used 23536K [0x00000000eab00000, 0x00000000ec680000, 0x0000000100000000)
  eden space 22528K, 100% used [0x00000000eab00000,0x00000000ec100000,0x00000000ec100000)
  from space 1024K, 98% used [0x00000000ec580000,0x00000000ec67c010,0x00000000ec680000)
  to   space 1536K, 0% used [0x00000000ec380000,0x00000000ec380000,0x00000000ec500000)
 ParOldGen       total 68608K, used 15238K [0x00000000c0000000, 0x00000000c4300000, 0x00000000eab00000)
  object space 68608K, 22% used [0x00000000c0000000,0x00000000c0ee1a80,0x00000000c4300000)
 Metaspace       used 42031K, committed 42944K, reserved 1089536K
  class space    used 4466K, committed 4864K, reserved 1048576K
}
Event: 6.061 GC heap after
{Heap after GC invocations=15 (full 2):
 PSYoungGen      total 23552K, used 1519K [0x00000000eab00000, 0x00000000ecf80000, 0x0000000100000000)
  eden space 22016K, 0% used [0x00000000eab00000,0x00000000eab00000,0x00000000ec080000)
  from space 1536K, 98% used [0x00000000ec380000,0x00000000ec4fbc58,0x00000000ec500000)
  to   space 7680K, 0% used [0x00000000ec800000,0x00000000ec800000,0x00000000ecf80000)
 ParOldGen       total 68608K, used 20220K [0x00000000c0000000, 0x00000000c4300000, 0x00000000eab00000)
  object space 68608K, 29% used [0x00000000c0000000,0x00000000c13bf200,0x00000000c4300000)
 Metaspace       used 42031K, committed 42944K, reserved 1089536K
  class space    used 4466K, committed 4864K, reserved 1048576K
}
Event: 6.295 GC heap before
{Heap before GC invocations=16 (full 2):
 PSYoungGen      total 23552K, used 23535K [0x00000000eab00000, 0x00000000ecf80000, 0x0000000100000000)
  eden space 22016K, 100% used [0x00000000eab00000,0x00000000ec080000,0x00000000ec080000)
  from space 1536K, 98% used [0x00000000ec380000,0x00000000ec4fbc58,0x00000000ec500000)
  to   space 7680K, 0% used [0x00000000ec800000,0x00000000ec800000,0x00000000ecf80000)
 ParOldGen       total 68608K, used 20220K [0x00000000c0000000, 0x00000000c4300000, 0x00000000eab00000)
  object space 68608K, 29% used [0x00000000c0000000,0x00000000c13bf200,0x00000000c4300000)
 Metaspace       used 42621K, committed 43584K, reserved 1089536K
  class space    used 4533K, committed 4928K, reserved 1048576K
}
Event: 6.300 GC heap after
{Heap after GC invocations=16 (full 2):
 PSYoungGen      total 25088K, used 2752K [0x00000000eab00000, 0x00000000ecb00000, 0x0000000100000000)
  eden space 22016K, 0% used [0x00000000eab00000,0x00000000eab00000,0x00000000ec080000)
  from space 3072K, 89% used [0x00000000ec800000,0x00000000ecab0000,0x00000000ecb00000)
  to   space 4096K, 0% used [0x00000000ec300000,0x00000000ec300000,0x00000000ec700000)
 ParOldGen       total 68608K, used 21739K [0x00000000c0000000, 0x00000000c4300000, 0x00000000eab00000)
  object space 68608K, 31% used [0x00000000c0000000,0x00000000c153ae58,0x00000000c4300000)
 Metaspace       used 42621K, committed 43584K, reserved 1089536K
  class space    used 4533K, committed 4928K, reserved 1048576K
}
Event: 6.888 GC heap before
{Heap before GC invocations=17 (full 2):
 PSYoungGen      total 25088K, used 24768K [0x00000000eab00000, 0x00000000ecb00000, 0x0000000100000000)
  eden space 22016K, 100% used [0x00000000eab00000,0x00000000ec080000,0x00000000ec080000)
  from space 3072K, 89% used [0x00000000ec800000,0x00000000ecab0000,0x00000000ecb00000)
  to   space 4096K, 0% used [0x00000000ec300000,0x00000000ec300000,0x00000000ec700000)
 ParOldGen       total 68608K, used 21739K [0x00000000c0000000, 0x00000000c4300000, 0x00000000eab00000)
  object space 68608K, 31% used [0x00000000c0000000,0x00000000c153ae58,0x00000000c4300000)
 Metaspace       used 45070K, committed 45952K, reserved 1089536K
  class space    used 4849K, committed 5248K, reserved 1048576K
}
Event: 6.892 GC heap after
{Heap after GC invocations=17 (full 2):
 PSYoungGen      total 25088K, used 2624K [0x00000000eab00000, 0x00000000ec880000, 0x0000000100000000)
  eden space 22016K, 0% used [0x00000000eab00000,0x00000000eab00000,0x00000000ec080000)
  from space 3072K, 85% used [0x00000000ec300000,0x00000000ec590000,0x00000000ec600000)
  to   space 2560K, 0% used [0x00000000ec600000,0x00000000ec600000,0x00000000ec880000)
 ParOldGen       total 68608K, used 24349K [0x00000000c0000000, 0x00000000c4300000, 0x00000000eab00000)
  object space 68608K, 35% used [0x00000000c0000000,0x00000000c17c7758,0x00000000c4300000)
 Metaspace       used 45070K, committed 45952K, reserved 1089536K
  class space    used 4849K, committed 5248K, reserved 1048576K
}
Event: 7.590 GC heap before
{Heap before GC invocations=18 (full 2):
 PSYoungGen      total 25088K, used 24640K [0x00000000eab00000, 0x00000000ec880000, 0x0000000100000000)
  eden space 22016K, 100% used [0x00000000eab00000,0x00000000ec080000,0x00000000ec080000)
  from space 3072K, 85% used [0x00000000ec300000,0x00000000ec590000,0x00000000ec600000)
  to   space 2560K, 0% used [0x00000000ec600000,0x00000000ec600000,0x00000000ec880000)
 ParOldGen       total 68608K, used 24349K [0x00000000c0000000, 0x00000000c4300000, 0x00000000eab00000)
  object space 68608K, 35% used [0x00000000c0000000,0x00000000c17c7758,0x00000000c4300000)
 Metaspace       used 47757K, committed 48768K, reserved 1097728K
  class space    used 5162K, committed 5632K, reserved 1048576K
}
Event: 7.593 GC heap after
{Heap after GC invocations=18 (full 2):
 PSYoungGen      total 23552K, used 1398K [0x00000000eab00000, 0x00000000ec780000, 0x0000000100000000)
  eden space 22016K, 0% used [0x00000000eab00000,0x00000000eab00000,0x00000000ec080000)
  from space 1536K, 91% used [0x00000000ec600000,0x00000000ec75d810,0x00000000ec780000)
  to   space 2048K, 0% used [0x00000000ec380000,0x00000000ec380000,0x00000000ec580000)
 ParOldGen       total 68608K, used 26785K [0x00000000c0000000, 0x00000000c4300000, 0x00000000eab00000)
  object space 68608K, 39% used [0x00000000c0000000,0x00000000c1a28468,0x00000000c4300000)
 Metaspace       used 47757K, committed 48768K, reserved 1097728K
  class space    used 5162K, committed 5632K, reserved 1048576K
}
Event: 7.909 GC heap before
{Heap before GC invocations=19 (full 2):
 PSYoungGen      total 23552K, used 23370K [0x00000000eab00000, 0x00000000ec780000, 0x0000000100000000)
  eden space 22016K, 99% used [0x00000000eab00000,0x00000000ec075130,0x00000000ec080000)
  from space 1536K, 91% used [0x00000000ec600000,0x00000000ec75d810,0x00000000ec780000)
  to   space 2048K, 0% used [0x00000000ec380000,0x00000000ec380000,0x00000000ec580000)
 ParOldGen       total 68608K, used 26785K [0x00000000c0000000, 0x00000000c4300000, 0x00000000eab00000)
  object space 68608K, 39% used [0x00000000c0000000,0x00000000c1a28468,0x00000000c4300000)
 Metaspace       used 49563K, committed 50560K, reserved 1097728K
  class space    used 5364K, committed 5824K, reserved 1048576K
}
Event: 7.912 GC heap after
{Heap after GC invocations=19 (full 2):
 PSYoungGen      total 24064K, used 1643K [0x00000000eab00000, 0x00000000ec680000, 0x0000000100000000)
  eden space 22016K, 0% used [0x00000000eab00000,0x00000000eab00000,0x00000000ec080000)
  from space 2048K, 80% used [0x00000000ec380000,0x00000000ec51ae58,0x00000000ec580000)
  to   space 1024K, 0% used [0x00000000ec580000,0x00000000ec580000,0x00000000ec680000)
 ParOldGen       total 68608K, used 27875K [0x00000000c0000000, 0x00000000c4300000, 0x00000000eab00000)
  object space 68608K, 40% used [0x00000000c0000000,0x00000000c1b38e68,0x00000000c4300000)
 Metaspace       used 49563K, committed 50560K, reserved 1097728K
  class space    used 5364K, committed 5824K, reserved 1048576K
}
Event: 8.003 GC heap before
{Heap before GC invocations=20 (full 2):
 PSYoungGen      total 24064K, used 23659K [0x00000000eab00000, 0x00000000ec680000, 0x0000000100000000)
  eden space 22016K, 100% used [0x00000000eab00000,0x00000000ec080000,0x00000000ec080000)
  from space 2048K, 80% used [0x00000000ec380000,0x00000000ec51ae58,0x00000000ec580000)
  to   space 1024K, 0% used [0x00000000ec580000,0x00000000ec580000,0x00000000ec680000)
 ParOldGen       total 68608K, used 27875K [0x00000000c0000000, 0x00000000c4300000, 0x00000000eab00000)
  object space 68608K, 40% used [0x00000000c0000000,0x00000000c1b38e68,0x00000000c4300000)
 Metaspace       used 49588K, committed 50624K, reserved 1097728K
  class space    used 5364K, committed 5824K, reserved 1048576K
}
Event: 8.005 GC heap after
{Heap after GC invocations=20 (full 2):
 PSYoungGen      total 23040K, used 571K [0x00000000eab00000, 0x00000000ec680000, 0x0000000100000000)
  eden space 22016K, 0% used [0x00000000eab00000,0x00000000eab00000,0x00000000ec080000)
  from space 1024K, 55% used [0x00000000ec580000,0x00000000ec60ecd8,0x00000000ec680000)
  to   space 1024K, 0% used [0x00000000ec480000,0x00000000ec480000,0x00000000ec580000)
 ParOldGen       total 68608K, used 28803K [0x00000000c0000000, 0x00000000c4300000, 0x00000000eab00000)
  object space 68608K, 41% used [0x00000000c0000000,0x00000000c1c20d00,0x00000000c4300000)
 Metaspace       used 49588K, committed 50624K, reserved 1097728K
  class space    used 5364K, committed 5824K, reserved 1048576K
}

