# JRE version: OpenJDK Runtime Environment Temurin-17.0.3+7 (17.0.3+7) (build 17.0.3+7)
# Java VM: OpenJDK 64-Bit Server VM Temurin-17.0.3+7 (17.0.3+7, mixed mode, tiered, compressed oops, compressed class ptrs, parallel gc, windows-amd64)
GC Precious Log:
 CPUs: 12 total, 12 available
 Memory: 15734M
 Large Page Support: Disabled
 NUMA Support: Disabled
 Compressed Oops: Enabled (32-bit)
 Alignments: Space 512K, Generation 512K, Heap 2M
 Heap Min Capacity: 100M
 Heap Initial Capacity: 100M
 Heap Max Capacity: 1G
 Pre-touch: Disabled
 Parallel Workers: 10
Heap:
 PSYoungGen      total 22528K, used 2504K [0x00000000eab00000, 0x00000000ec600000, 0x0000000100000000)
  eden space 21504K, 6% used [0x00000000eab00000,0x00000000eac72bf0,0x00000000ec000000)
  from space 1024K, 99% used [0x00000000ec000000,0x00000000ec0ff7e0,0x00000000ec100000)
  to   space 3072K, 0% used [0x00000000ec300000,0x00000000ec300000,0x00000000ec600000)
 ParOldGen       total 68608K, used 21248K [0x00000000c0000000, 0x00000000c4300000, 0x00000000eab00000)
  object space 68608K, 30% used [0x00000000c0000000,0x00000000c14c0260,0x00000000c4300000)
 Metaspace       used 44876K, committed 45504K, reserved 1089536K
  class space    used 4420K, committed 4672K, reserved 1048576K
GC Heap History (20 events):
Event: 5.823 GC heap before
{Heap before GC invocations=14 (full 2):
 PSYoungGen      total 23552K, used 23086K [0x00000000eab00000, 0x00000000ec580000, 0x0000000100000000)
  eden space 21504K, 100% used [0x00000000eab00000,0x00000000ec000000,0x00000000ec000000)
  from space 2048K, 77% used [0x00000000ec000000,0x00000000ec18bb68,0x00000000ec200000)
  to   space 2560K, 0% used [0x00000000ec300000,0x00000000ec300000,0x00000000ec580000)
 ParOldGen       total 68608K, used 14847K [0x00000000c0000000, 0x00000000c4300000, 0x00000000eab00000)
  object space 68608K, 21% used [0x00000000c0000000,0x00000000c0e7fd88,0x00000000c4300000)
 Metaspace       used 37123K, committed 37760K, reserved 1089536K
  class space    used 3791K, committed 4096K, reserved 1048576K
}
Event: 5.823 GC heap after
{Heap after GC invocations=14 (full 2):
 PSYoungGen      total 22016K, used 224K [0x00000000eab00000, 0x00000000ec380000, 0x0000000100000000)
  eden space 21504K, 0% used [0x00000000eab00000,0x00000000eab00000,0x00000000ec000000)
  from space 512K, 43% used [0x00000000ec300000,0x00000000ec338000,0x00000000ec380000)
  to   space 1024K, 0% used [0x00000000ec180000,0x00000000ec180000,0x00000000ec280000)
 ParOldGen       total 68608K, used 15234K [0x00000000c0000000, 0x00000000c4300000, 0x00000000eab00000)
  object space 68608K, 22% used [0x00000000c0000000,0x00000000c0ee0860,0x00000000c4300000)
 Metaspace       used 37123K, committed 37760K, reserved 1089536K
  class space    used 3791K, committed 4096K, reserved 1048576K
}
Event: 6.566 GC heap before
{Heap before GC invocations=15 (full 2):
 PSYoungGen      total 22016K, used 21728K [0x00000000eab00000, 0x00000000ec380000, 0x0000000100000000)
  eden space 21504K, 100% used [0x00000000eab00000,0x00000000ec000000,0x00000000ec000000)
  from space 512K, 43% used [0x00000000ec300000,0x00000000ec338000,0x00000000ec380000)
  to   space 1024K, 0% used [0x00000000ec180000,0x00000000ec180000,0x00000000ec280000)
 ParOldGen       total 68608K, used 15234K [0x00000000c0000000, 0x00000000c4300000, 0x00000000eab00000)
  object space 68608K, 22% used [0x00000000c0000000,0x00000000c0ee0860,0x00000000c4300000)
 Metaspace       used 38957K, committed 39552K, reserved 1089536K
  class space    used 3966K, committed 4224K, reserved 1048576K
}
Event: 6.567 GC heap after
{Heap after GC invocations=15 (full 2):
 PSYoungGen      total 22528K, used 480K [0x00000000eab00000, 0x00000000ec380000, 0x0000000100000000)
  eden space 21504K, 0% used [0x00000000eab00000,0x00000000eab00000,0x00000000ec000000)
  from space 1024K, 46% used [0x00000000ec180000,0x00000000ec1f8000,0x00000000ec280000)
  to   space 1024K, 0% used [0x00000000ec280000,0x00000000ec280000,0x00000000ec380000)
 ParOldGen       total 68608K, used 15290K [0x00000000c0000000, 0x00000000c4300000, 0x00000000eab00000)
  object space 68608K, 22% used [0x00000000c0000000,0x00000000c0eee860,0x00000000c4300000)
 Metaspace       used 38957K, committed 39552K, reserved 1089536K
  class space    used 3966K, committed 4224K, reserved 1048576K
}
Event: 7.179 GC heap before
{Heap before GC invocations=16 (full 2):
 PSYoungGen      total 22528K, used 21984K [0x00000000eab00000, 0x00000000ec380000, 0x0000000100000000)
  eden space 21504K, 100% used [0x00000000eab00000,0x00000000ec000000,0x00000000ec000000)
  from space 1024K, 46% used [0x00000000ec180000,0x00000000ec1f8000,0x00000000ec280000)
  to   space 1024K, 0% used [0x00000000ec280000,0x00000000ec280000,0x00000000ec380000)
 ParOldGen       total 68608K, used 15290K [0x00000000c0000000, 0x00000000c4300000, 0x00000000eab00000)
  object space 68608K, 22% used [0x00000000c0000000,0x00000000c0eee860,0x00000000c4300000)
 Metaspace       used 41738K, committed 42432K, reserved 1089536K
  class space    used 4219K, committed 4480K, reserved 1048576K
}
Event: 7.182 GC heap after
{Heap after GC invocations=16 (full 2):
 PSYoungGen      total 22528K, used 1008K [0x00000000eab00000, 0x00000000ec500000, 0x0000000100000000)
  eden space 21504K, 0% used [0x00000000eab00000,0x00000000eab00000,0x00000000ec000000)
  from space 1024K, 98% used [0x00000000ec280000,0x00000000ec37c010,0x00000000ec380000)
  to   space 2560K, 0% used [0x00000000ec000000,0x00000000ec000000,0x00000000ec280000)
 ParOldGen       total 68608K, used 16490K [0x00000000c0000000, 0x00000000c4300000, 0x00000000eab00000)
  object space 68608K, 24% used [0x00000000c0000000,0x00000000c101aaa8,0x00000000c4300000)
 Metaspace       used 41738K, committed 42432K, reserved 1089536K
  class space    used 4219K, committed 4480K, reserved 1048576K
}
Event: 7.291 GC heap before
{Heap before GC invocations=17 (full 2):
 PSYoungGen      total 22528K, used 22498K [0x00000000eab00000, 0x00000000ec500000, 0x0000000100000000)
  eden space 21504K, 99% used [0x00000000eab00000,0x00000000ebffc950,0x00000000ec000000)
  from space 1024K, 98% used [0x00000000ec280000,0x00000000ec37c010,0x00000000ec380000)
  to   space 2560K, 0% used [0x00000000ec000000,0x00000000ec000000,0x00000000ec280000)
 ParOldGen       total 68608K, used 16490K [0x00000000c0000000, 0x00000000c4300000, 0x00000000eab00000)
  object space 68608K, 24% used [0x00000000c0000000,0x00000000c101aaa8,0x00000000c4300000)
 Metaspace       used 41884K, committed 42560K, reserved 1089536K
  class space    used 4228K, committed 4480K, reserved 1048576K
}
Event: 7.294 GC heap after
{Heap after GC invocations=17 (full 2):
 PSYoungGen      total 22528K, used 640K [0x00000000eab00000, 0x00000000ec300000, 0x0000000100000000)
  eden space 21504K, 0% used [0x00000000eab00000,0x00000000eab00000,0x00000000ec000000)
  from space 1024K, 62% used [0x00000000ec000000,0x00000000ec0a0000,0x00000000ec100000)
  to   space 1536K, 0% used [0x00000000ec180000,0x00000000ec180000,0x00000000ec300000)
 ParOldGen       total 68608K, used 17530K [0x00000000c0000000, 0x00000000c4300000, 0x00000000eab00000)
  object space 68608K, 25% used [0x00000000c0000000,0x00000000c111ea70,0x00000000c4300000)
 Metaspace       used 41884K, committed 42560K, reserved 1089536K
  class space    used 4228K, committed 4480K, reserved 1048576K
}
Event: 7.563 GC heap before
{Heap before GC invocations=18 (full 2):
 PSYoungGen      total 22528K, used 21048K [0x00000000eab00000, 0x00000000ec300000, 0x0000000100000000)
  eden space 21504K, 94% used [0x00000000eab00000,0x00000000ebeee150,0x00000000ec000000)
  from space 1024K, 62% used [0x00000000ec000000,0x00000000ec0a0000,0x00000000ec100000)
  to   space 1536K, 0% used [0x00000000ec180000,0x00000000ec180000,0x00000000ec300000)
 ParOldGen       total 68608K, used 17530K [0x00000000c0000000, 0x00000000c4300000, 0x00000000eab00000)
  object space 68608K, 25% used [0x00000000c0000000,0x00000000c111ea70,0x00000000c4300000)
 Metaspace       used 42400K, committed 43072K, reserved 1089536K
  class space    used 4261K, committed 4544K, reserved 1048576K
}
Event: 7.565 GC heap after
{Heap after GC invocations=18 (full 2):
 PSYoungGen      total 22528K, used 913K [0x00000000eab00000, 0x00000000ec280000, 0x0000000100000000)
  eden space 21504K, 0% used [0x00000000eab00000,0x00000000eab00000,0x00000000ec000000)
  from space 1024K, 89% used [0x00000000ec180000,0x00000000ec2645e8,0x00000000ec280000)
  to   space 1024K, 0% used [0x00000000ec000000,0x00000000ec000000,0x00000000ec100000)
 ParOldGen       total 68608K, used 18002K [0x00000000c0000000, 0x00000000c4300000, 0x00000000eab00000)
  object space 68608K, 26% used [0x00000000c0000000,0x00000000c1194a90,0x00000000c4300000)
 Metaspace       used 42400K, committed 43072K, reserved 1089536K
  class space    used 4261K, committed 4544K, reserved 1048576K
}
Event: 7.627 GC heap before
{Heap before GC invocations=19 (full 2):
 PSYoungGen      total 22528K, used 20997K [0x00000000eab00000, 0x00000000ec280000, 0x0000000100000000)
  eden space 21504K, 93% used [0x00000000eab00000,0x00000000ebe9ce98,0x00000000ec000000)
  from space 1024K, 89% used [0x00000000ec180000,0x00000000ec2645e8,0x00000000ec280000)
  to   space 1024K, 0% used [0x00000000ec000000,0x00000000ec000000,0x00000000ec100000)
 ParOldGen       total 68608K, used 18002K [0x00000000c0000000, 0x00000000c4300000, 0x00000000eab00000)
  object space 68608K, 26% used [0x00000000c0000000,0x00000000c1194a90,0x00000000c4300000)
 Metaspace       used 42419K, committed 43072K, reserved 1089536K
  class space    used 4261K, committed 4544K, reserved 1048576K
}
Event: 7.628 GC heap after
{Heap after GC invocations=19 (full 2):
 PSYoungGen      total 22528K, used 384K [0x00000000eab00000, 0x00000000ec200000, 0x0000000100000000)
  eden space 21504K, 0% used [0x00000000eab00000,0x00000000eab00000,0x00000000ec000000)
  from space 1024K, 37% used [0x00000000ec000000,0x00000000ec060000,0x00000000ec100000)
  to   space 1024K, 0% used [0x00000000ec100000,0x00000000ec100000,0x00000000ec200000)
 ParOldGen       total 68608K, used 18799K [0x00000000c0000000, 0x00000000c4300000, 0x00000000eab00000)
  object space 68608K, 27% used [0x00000000c0000000,0x00000000c125be80,0x00000000c4300000)
 Metaspace       used 42419K, committed 43072K, reserved 1089536K
  class space    used 4261K, committed 4544K, reserved 1048576K
}
Event: 7.706 GC heap before
{Heap before GC invocations=20 (full 2):
 PSYoungGen      total 22528K, used 21202K [0x00000000eab00000, 0x00000000ec200000, 0x0000000100000000)
  eden space 21504K, 96% used [0x00000000eab00000,0x00000000ebf548a8,0x00000000ec000000)
  from space 1024K, 37% used [0x00000000ec000000,0x00000000ec060000,0x00000000ec100000)
  to   space 1024K, 0% used [0x00000000ec100000,0x00000000ec100000,0x00000000ec200000)
 ParOldGen       total 68608K, used 18799K [0x00000000c0000000, 0x00000000c4300000, 0x00000000eab00000)
  object space 68608K, 27% used [0x00000000c0000000,0x00000000c125be80,0x00000000c4300000)
 Metaspace       used 42488K, committed 43136K, reserved 1089536K
  class space    used 4264K, committed 4544K, reserved 1048576K
}
Event: 7.707 GC heap after
{Heap after GC invocations=20 (full 2):
 PSYoungGen      total 22528K, used 504K [0x00000000eab00000, 0x00000000ec200000, 0x0000000100000000)
  eden space 21504K, 0% used [0x00000000eab00000,0x00000000eab00000,0x00000000ec000000)
  from space 1024K, 49% used [0x00000000ec100000,0x00000000ec17e200,0x00000000ec200000)
  to   space 1024K, 0% used [0x00000000ec000000,0x00000000ec000000,0x00000000ec100000)
 ParOldGen       total 68608K, used 18999K [0x00000000c0000000, 0x00000000c4300000, 0x00000000eab00000)
  object space 68608K, 27% used [0x00000000c0000000,0x00000000c128de80,0x00000000c4300000)
 Metaspace       used 42488K, committed 43136K, reserved 1089536K
  class space    used 4264K, committed 4544K, reserved 1048576K
}
Event: 7.784 GC heap before
{Heap before GC invocations=21 (full 2):
 PSYoungGen      total 22528K, used 20578K [0x00000000eab00000, 0x00000000ec200000, 0x0000000100000000)
  eden space 21504K, 93% used [0x00000000eab00000,0x00000000ebe9a628,0x00000000ec000000)
  from space 1024K, 49% used [0x00000000ec100000,0x00000000ec17e200,0x00000000ec200000)
  to   space 1024K, 0% used [0x00000000ec000000,0x00000000ec000000,0x00000000ec100000)
 ParOldGen       total 68608K, used 18999K [0x00000000c0000000, 0x00000000c4300000, 0x00000000eab00000)
  object space 68608K, 27% used [0x00000000c0000000,0x00000000c128de80,0x00000000c4300000)
 Metaspace       used 42573K, committed 43200K, reserved 1089536K
  class space    used 4268K, committed 4544K, reserved 1048576K
}
Event: 7.785 GC heap after
{Heap after GC invocations=21 (full 2):
 PSYoungGen      total 22528K, used 384K [0x00000000eab00000, 0x00000000ec180000, 0x0000000100000000)
  eden space 21504K, 0% used [0x00000000eab00000,0x00000000eab00000,0x00000000ec000000)
  from space 1024K, 37% used [0x00000000ec000000,0x00000000ec060000,0x00000000ec100000)
  to   space 512K, 0% used [0x00000000ec100000,0x00000000ec100000,0x00000000ec180000)
 ParOldGen       total 68608K, used 19352K [0x00000000c0000000, 0x00000000c4300000, 0x00000000eab00000)
  object space 68608K, 28% used [0x00000000c0000000,0x00000000c12e6080,0x00000000c4300000)
 Metaspace       used 42573K, committed 43200K, reserved 1089536K
  class space    used 4268K, committed 4544K, reserved 1048576K
}
Event: 7.962 GC heap before
{Heap before GC invocations=22 (full 2):
 PSYoungGen      total 22528K, used 21888K [0x00000000eab00000, 0x00000000ec180000, 0x0000000100000000)
  eden space 21504K, 100% used [0x00000000eab00000,0x00000000ec000000,0x00000000ec000000)
  from space 1024K, 37% used [0x00000000ec000000,0x00000000ec060000,0x00000000ec100000)
  to   space 512K, 0% used [0x00000000ec100000,0x00000000ec100000,0x00000000ec180000)
 ParOldGen       total 68608K, used 19352K [0x00000000c0000000, 0x00000000c4300000, 0x00000000eab00000)
  object space 68608K, 28% used [0x00000000c0000000,0x00000000c12e6080,0x00000000c4300000)
 Metaspace       used 43605K, committed 44288K, reserved 1089536K
  class space    used 4351K, committed 4608K, reserved 1048576K
}
Event: 7.963 GC heap after
{Heap after GC invocations=22 (full 2):
 PSYoungGen      total 22016K, used 512K [0x00000000eab00000, 0x00000000ec200000, 0x0000000100000000)
  eden space 21504K, 0% used [0x00000000eab00000,0x00000000eab00000,0x00000000ec000000)
  from space 512K, 100% used [0x00000000ec100000,0x00000000ec180000,0x00000000ec180000)
  to   space 1024K, 0% used [0x00000000ec000000,0x00000000ec000000,0x00000000ec100000)
 ParOldGen       total 68608K, used 19735K [0x00000000c0000000, 0x00000000c4300000, 0x00000000eab00000)
  object space 68608K, 28% used [0x00000000c0000000,0x00000000c1345db8,0x00000000c4300000)
 Metaspace       used 43605K, committed 44288K, reserved 1089536K
  class space    used 4351K, committed 4608K, reserved 1048576K
}
Event: 8.709 GC heap before
{Heap before GC invocations=23 (full 2):
 PSYoungGen      total 22016K, used 22016K [0x00000000eab00000, 0x00000000ec200000, 0x0000000100000000)
  eden space 21504K, 100% used [0x00000000eab00000,0x00000000ec000000,0x00000000ec000000)
  from space 512K, 100% used [0x00000000ec100000,0x00000000ec180000,0x00000000ec180000)
  to   space 1024K, 0% used [0x00000000ec000000,0x00000000ec000000,0x00000000ec100000)
 ParOldGen       total 68608K, used 19735K [0x00000000c0000000, 0x00000000c4300000, 0x00000000eab00000)
  object space 68608K, 28% used [0x00000000c0000000,0x00000000c1345db8,0x00000000c4300000)
 Metaspace       used 44852K, committed 45504K, reserved 1089536K
  class space    used 4419K, committed 4672K, reserved 1048576K
}
Event: 8.712 GC heap after
{Heap after GC invocations=23 (full 2):
 PSYoungGen      total 22528K, used 1021K [0x00000000eab00000, 0x00000000ec600000, 0x0000000100000000)
  eden space 21504K, 0% used [0x00000000eab00000,0x00000000eab00000,0x00000000ec000000)
  from space 1024K, 99% used [0x00000000ec000000,0x00000000ec0ff7e0,0x00000000ec100000)
  to   space 3072K, 0% used [0x00000000ec300000,0x00000000ec300000,0x00000000ec600000)
 ParOldGen       total 68608K, used 21248K [0x00000000c0000000, 0x00000000c4300000, 0x00000000eab00000)
  object space 68608K, 30% used [0x00000000c0000000,0x00000000c14c0260,0x00000000c4300000)
 Metaspace       used 44852K, committed 45504K, reserved 1089536K
  class space    used 4419K, committed 4672K, reserved 1048576K
}

